main
0000 9900    	ldc0	r1,9
0002 9909    	ldc1	r1,9
0004 9a00    	ldc0	r2,32
0006 9a20    	ldc1	r2,32
loop
0008 9800    	ldc0	at,writei
000a 9824    	ldc1	at,writei
000c 4502    	ldw	sr,r0,at
000e 5036    	stw	r0,r1,sr
0010 9800    	ldc0	at,writec
0012 9822    	ldc1	at,writec
0014 4502    	ldw	sr,r0,at
0016 5056    	stw	r0,r2,sr
0018 6901    	sub	r1,1
001a 9800    	ldc0	at,loop
001c 9808    	ldc1	at,loop
001e b020    	bnz	r0,r1,at
0020 0003    	hcf	r0,r0,r0
	
0022 f000 writec	0xf000
0024 f002 writei	0xf002
